  Source.cpp
C:\Users\mark404\Documents\CS330\Project\Week3\OpenGLSample\OpenGLSample\shader.h(57,34): warning C4101: 'e': unreferenced local variable
C:\Users\mark404\Documents\CS330\Project\Week3\OpenGLSample\OpenGLSample\Source.cpp(343,22): warning C4244: 'initializing': conversion from 'double' to 'float', possible loss of data
C:\Users\mark404\Documents\CS330\Project\Week3\OpenGLSample\OpenGLSample\Source.cpp(372,56): warning C4305: 'argument': truncation from 'double' to 'float'
C:\Users\mark404\Documents\CS330\Project\Week3\OpenGLSample\OpenGLSample\Source.cpp(373,60): warning C4305: 'argument': truncation from 'double' to 'float'
C:\Users\mark404\Documents\CS330\Project\Week3\OpenGLSample\OpenGLSample\Source.cpp(380,56): warning C4305: 'argument': truncation from 'double' to 'float'
C:\Users\mark404\Documents\CS330\Project\Week3\OpenGLSample\OpenGLSample\Source.cpp(381,60): warning C4305: 'argument': truncation from 'double' to 'float'
C:\Users\mark404\Documents\CS330\Project\Week3\OpenGLSample\OpenGLSample\Source.cpp(388,56): warning C4305: 'argument': truncation from 'double' to 'float'
C:\Users\mark404\Documents\CS330\Project\Week3\OpenGLSample\OpenGLSample\Source.cpp(389,60): warning C4305: 'argument': truncation from 'double' to 'float'
C:\Users\mark404\Documents\CS330\Project\Week3\OpenGLSample\OpenGLSample\Source.cpp(396,56): warning C4305: 'argument': truncation from 'double' to 'float'
C:\Users\mark404\Documents\CS330\Project\Week3\OpenGLSample\OpenGLSample\Source.cpp(397,60): warning C4305: 'argument': truncation from 'double' to 'float'
C:\Users\mark404\Documents\CS330\Project\Week3\OpenGLSample\OpenGLSample\Source.cpp(405,51): warning C4305: 'argument': truncation from 'double' to 'float'
C:\Users\mark404\Documents\CS330\Project\Week3\OpenGLSample\OpenGLSample\Source.cpp(406,55): warning C4305: 'argument': truncation from 'double' to 'float'
C:\Users\mark404\Documents\CS330\Project\Week3\OpenGLSample\OpenGLSample\Source.cpp(466,62): warning C4305: 'argument': truncation from 'double' to 'float'
C:\Users\mark404\Documents\CS330\Project\Week3\OpenGLSample\OpenGLSample\Source.cpp(474,62): warning C4305: 'argument': truncation from 'double' to 'float'
C:\Users\mark404\Documents\CS330\Project\Week3\OpenGLSample\OpenGLSample\Source.cpp(482,64): warning C4305: 'argument': truncation from 'double' to 'float'
C:\Users\mark404\Documents\CS330\Project\Week3\OpenGLSample\OpenGLSample\Source.cpp(491,63): warning C4305: 'argument': truncation from 'double' to 'float'
C:\Users\mark404\Documents\CS330\Project\Week3\OpenGLSample\OpenGLSample\Source.cpp(499,65): warning C4305: 'argument': truncation from 'double' to 'float'
C:\Users\mark404\Documents\CS330\Project\Week3\OpenGLSample\OpenGLSample\Source.cpp(507,63): warning C4305: 'argument': truncation from 'double' to 'float'
C:\Users\mark404\Documents\CS330\Project\Week3\OpenGLSample\OpenGLSample\Source.cpp(515,64): warning C4305: 'argument': truncation from 'double' to 'float'
C:\Users\mark404\Documents\CS330\Project\Week3\OpenGLSample\OpenGLSample\Source.cpp(523,64): warning C4305: 'argument': truncation from 'double' to 'float'
C:\Users\mark404\Documents\CS330\Project\Week3\OpenGLSample\OpenGLSample\Source.cpp(600,11): warning C4244: '=': conversion from 'double' to 'float', possible loss of data
C:\Users\mark404\Documents\CS330\Project\Week3\OpenGLSample\OpenGLSample\Source.cpp(601,11): warning C4244: '=': conversion from 'double' to 'float', possible loss of data
C:\Users\mark404\Documents\CS330\Project\Week3\OpenGLSample\OpenGLSample\Source.cpp(605,16): warning C4244: 'initializing': conversion from 'double' to 'float', possible loss of data
C:\Users\mark404\Documents\CS330\Project\Week3\OpenGLSample\OpenGLSample\Source.cpp(606,16): warning C4244: 'initializing': conversion from 'double' to 'float', possible loss of data
C:\Users\mark404\Documents\CS330\Project\Week3\OpenGLSample\OpenGLSample\Source.cpp(607,10): warning C4244: '=': conversion from 'double' to 'float', possible loss of data
C:\Users\mark404\Documents\CS330\Project\Week3\OpenGLSample\OpenGLSample\Source.cpp(608,10): warning C4244: '=': conversion from 'double' to 'float', possible loss of data
C:\Users\mark404\Documents\CS330\Project\Week3\OpenGLSample\OpenGLSample\Source.cpp(620,28): warning C4244: 'argument': conversion from 'double' to 'float', possible loss of data
LINK : warning LNK4098: defaultlib 'MSVCRT' conflicts with use of other libs; use /NODEFAULTLIB:library
Source.obj : error LNK2001: unresolved external symbol _glad_glRotatef
C:\Users\mark404\Documents\CS330\Project\Week3\OpenGLSample\Debug\OpenGLSample.exe : fatal error LNK1120: 1 unresolved externals
